<?xml version="1.0" encoding="UTF-8"?>
<!-- Generated by org.testng.reporters.JUnitReportReporter -->
<testsuite hostname="DESKTOP-KGKN163" failures="0" tests="1" name="testCases.TC002_LoginTest" time="3.276" errors="0" timestamp="2025-05-16T00:28:02 IST" skipped="0">
  <testcase classname="testCases.TC002_LoginTest" name="verify_login" time="3.276"/>
</testsuite> <!-- testCases.TC002_LoginTest -->
