<?xml version="1.0" encoding="UTF-8"?>
<!-- Generated by org.testng.reporters.JUnitReportReporter -->
<testsuite hostname="DESKTOP-KGKN163" failures="0" tests="1" name="testCases.Basic" time="0.011" errors="0" timestamp="2025-05-14T00:44:30 IST" skipped="0">
  <testcase classname="testCases.Basic" name="myTest" time="0.011"/>
</testsuite> <!-- testCases.Basic -->
