<?xml version="1.0" encoding="UTF-8"?>
<!-- Generated by org.testng.reporters.JUnitReportReporter -->
<testsuite hostname="DESKTOP-KGKN163" failures="0" tests="1" name="testCases.TC001_AccountRegistrationTest" time="20.727" errors="0" timestamp="2025-05-16T00:38:25 IST" skipped="0">
  <testcase classname="testCases.TC001_AccountRegistrationTest" name="verify_account_registration" time="20.727"/>
</testsuite> <!-- testCases.TC001_AccountRegistrationTest -->
